This file contains any messages produced by compilers while
running configure, to aid debugging if configure makes a mistake.

It was created by radmind configure VERSION, which was
generated by GNU Autoconf 2.61.  Invocation command line was

  $ ./configure 

## --------- ##
## Platform. ##
## --------- ##

hostname = DN0a23216b.SUNet
uname -m = x86_64
uname -r = 15.5.0
uname -s = Darwin
uname -v = Darwin Kernel Version 15.5.0: Tue Apr 19 18:36:36 PDT 2016; root:xnu-3248.50.21~8/RELEASE_X86_64

/usr/bin/uname -p = i386
/bin/uname -X     = unknown

/bin/arch              = unknown
/usr/bin/arch -k       = unknown
/usr/convex/getsysinfo = unknown
/usr/bin/hostinfo      = Mach kernel version:
	 Darwin Kernel Version 15.5.0: Tue Apr 19 18:36:36 PDT 2016; root:xnu-3248.50.21~8/RELEASE_X86_64
Kernel configured for up to 4 processors.
2 processors are physically available.
4 processors are logically available.
Processor type: i486 (Intel 80486)
Processors active: 0 1 2 3
Primary memory available: 8.00 gigabytes
Default processor set: 375 tasks, 1638 threads, 4 processors
Load average: 2.72, Mach factor: 1.60
/bin/machine           = unknown
/usr/bin/oslevel       = unknown
/bin/universe          = unknown

PATH: /usr/local/bin
PATH: /usr/bin
PATH: /bin
PATH: /usr/sbin
PATH: /sbin
PATH: /usr/local/bin


## ----------- ##
## Core tests. ##
## ----------- ##

configure:1849: checking build system type
configure:1867: result: i386-apple-darwin15.5.0
configure:1889: checking host system type
configure:1904: result: i386-apple-darwin15.5.0
configure:1926: checking target system type
configure:1941: result: i386-apple-darwin15.5.0
configure:1975: checking for gawk
configure:2005: result: no
configure:1975: checking for mawk
configure:2005: result: no
configure:1975: checking for nawk
configure:2005: result: no
configure:1975: checking for awk
configure:1991: found /usr/bin/awk
configure:2002: result: awk
configure:2061: checking for gcc
configure:2077: found /usr/bin/gcc
configure:2088: result: gcc
configure:2326: checking for C compiler version
configure:2333: gcc --version >&5
Configured with: --prefix=/Applications/Xcode.app/Contents/Developer/usr --with-gxx-include-dir=/usr/include/c++/4.2.1
Apple LLVM version 7.3.0 (clang-703.0.31)
Target: x86_64-apple-darwin15.5.0
Thread model: posix
InstalledDir: /Applications/Xcode.app/Contents/Developer/Toolchains/XcodeDefault.xctoolchain/usr/bin
configure:2336: $? = 0
configure:2343: gcc -v >&5
Configured with: --prefix=/Applications/Xcode.app/Contents/Developer/usr --with-gxx-include-dir=/usr/include/c++/4.2.1
Apple LLVM version 7.3.0 (clang-703.0.31)
Target: x86_64-apple-darwin15.5.0
Thread model: posix
InstalledDir: /Applications/Xcode.app/Contents/Developer/Toolchains/XcodeDefault.xctoolchain/usr/bin
configure:2346: $? = 0
configure:2353: gcc -V >&5
clang: error: argument to '-V' is missing (expected 1 value)
clang: error: no input files
configure:2356: $? = 1
configure:2379: checking for C compiler default output file name
configure:2406: gcc    conftest.c  >&5
configure:2409: $? = 0
configure:2447: result: a.out
configure:2464: checking whether the C compiler works
configure:2474: ./a.out
configure:2477: $? = 0
configure:2494: result: yes
configure:2501: checking whether we are cross compiling
configure:2503: result: no
configure:2506: checking for suffix of executables
configure:2513: gcc -o conftest    conftest.c  >&5
configure:2516: $? = 0
configure:2540: result: 
configure:2546: checking for suffix of object files
configure:2572: gcc -c   conftest.c >&5
configure:2575: $? = 0
configure:2598: result: o
configure:2602: checking whether we are using the GNU C compiler
configure:2631: gcc -c   conftest.c >&5
configure:2637: $? = 0
configure:2654: result: yes
configure:2659: checking whether gcc accepts -g
configure:2689: gcc -c -g  conftest.c >&5
configure:2695: $? = 0
configure:2794: result: yes
configure:2811: checking for gcc option to accept ISO C89
configure:2885: gcc  -c -g -O2  conftest.c >&5
configure:2891: $? = 0
configure:2914: result: none needed
configure:2945: checking for a BSD-compatible install
configure:3001: result: /usr/bin/install -c
configure:3014: checking for diff
configure:3032: found /usr/bin/diff
configure:3044: result: /usr/bin/diff
configure:3054: checking for echo
configure:3072: found /bin/echo
configure:3084: result: /bin/echo
configure:3094: checking for mktemp
configure:3112: found /usr/bin/mktemp
configure:3124: result: /usr/bin/mktemp
configure:3140: checking for special C compiler options needed for large files
configure:3233: result: no
configure:3239: checking for _FILE_OFFSET_BITS value needed for large files
configure:3274: gcc -c -g -O2  conftest.c >&5
configure:3280: $? = 0
configure:3348: result: no
configure:3490: checking how to run the C preprocessor
configure:3530: gcc -E  conftest.c
configure:3536: $? = 0
configure:3567: gcc -E  conftest.c
conftest.c:8:10: fatal error: 'ac_nonexistent.h' file not found
#include <ac_nonexistent.h>
         ^
1 error generated.
configure:3573: $? = 1
configure: failed program was:
| /* confdefs.h.  */
| #define PACKAGE_NAME "radmind"
| #define PACKAGE_TARNAME "radmind"
| #define PACKAGE_VERSION "VERSION"
| #define PACKAGE_STRING "radmind VERSION"
| #define PACKAGE_BUGREPORT "radmind@umich.edu"
| /* end confdefs.h.  */
| #include <ac_nonexistent.h>
configure:3606: result: gcc -E
configure:3635: gcc -E  conftest.c
configure:3641: $? = 0
configure:3672: gcc -E  conftest.c
conftest.c:8:10: fatal error: 'ac_nonexistent.h' file not found
#include <ac_nonexistent.h>
         ^
1 error generated.
configure:3678: $? = 1
configure: failed program was:
| /* confdefs.h.  */
| #define PACKAGE_NAME "radmind"
| #define PACKAGE_TARNAME "radmind"
| #define PACKAGE_VERSION "VERSION"
| #define PACKAGE_STRING "radmind VERSION"
| #define PACKAGE_BUGREPORT "radmind@umich.edu"
| /* end confdefs.h.  */
| #include <ac_nonexistent.h>
configure:3716: checking for grep that handles long lines and -e
configure:3790: result: /usr/bin/grep
configure:3795: checking for egrep
configure:3873: result: /usr/bin/grep -E
configure:3878: checking for ANSI C header files
configure:3908: gcc -c -g -O2  conftest.c >&5
configure:3914: $? = 0
configure:4013: gcc -o conftest -g -O2   conftest.c  >&5
configure:4016: $? = 0
configure:4022: ./conftest
configure:4025: $? = 0
configure:4042: result: yes
configure:4066: checking for sys/types.h
configure:4087: gcc -c -g -O2  conftest.c >&5
configure:4093: $? = 0
configure:4109: result: yes
configure:4066: checking for sys/stat.h
configure:4087: gcc -c -g -O2  conftest.c >&5
configure:4093: $? = 0
configure:4109: result: yes
configure:4066: checking for stdlib.h
configure:4087: gcc -c -g -O2  conftest.c >&5
configure:4093: $? = 0
configure:4109: result: yes
configure:4066: checking for string.h
configure:4087: gcc -c -g -O2  conftest.c >&5
configure:4093: $? = 0
configure:4109: result: yes
configure:4066: checking for memory.h
configure:4087: gcc -c -g -O2  conftest.c >&5
configure:4093: $? = 0
configure:4109: result: yes
configure:4066: checking for strings.h
configure:4087: gcc -c -g -O2  conftest.c >&5
configure:4093: $? = 0
configure:4109: result: yes
configure:4066: checking for inttypes.h
configure:4087: gcc -c -g -O2  conftest.c >&5
configure:4093: $? = 0
configure:4109: result: yes
configure:4066: checking for stdint.h
configure:4087: gcc -c -g -O2  conftest.c >&5
configure:4093: $? = 0
configure:4109: result: yes
configure:4066: checking for unistd.h
configure:4087: gcc -c -g -O2  conftest.c >&5
configure:4093: $? = 0
configure:4109: result: yes
configure:4121: checking for off_t
configure:4151: gcc -c -g -O2  conftest.c >&5
configure:4157: $? = 0
configure:4172: result: yes
configure:4179: checking size of off_t
configure:4481: gcc -o conftest -g -O2   conftest.c  >&5
configure:4484: $? = 0
configure:4490: ./conftest
configure:4493: $? = 0
configure:4516: result: 8
configure:4528: checking for inet_aton in -lc
configure:4563: gcc -o conftest -g -O2   conftest.c -lc   >&5
configure:4569: $? = 0
configure:4587: result: yes
configure:4667: checking for lchown in -lc
configure:4702: gcc -o conftest -g -O2   conftest.c -lc   >&5
configure:4708: $? = 0
configure:4726: result: yes
configure:4738: checking for lchmod in -lc
configure:4773: gcc -o conftest -g -O2   conftest.c -lc  -lc  >&5
configure:4779: $? = 0
configure:4797: result: yes
configure:4809: checking for gethostbyaddr in -lnsl
configure:4844: gcc -o conftest -g -O2   conftest.c -lnsl  -lc -lc  >&5
ld: library not found for -lnsl
clang: error: linker command failed with exit code 1 (use -v to see invocation)
configure:4850: $? = 1
configure: failed program was:
| /* confdefs.h.  */
| #define PACKAGE_NAME "radmind"
| #define PACKAGE_TARNAME "radmind"
| #define PACKAGE_VERSION "VERSION"
| #define PACKAGE_STRING "radmind VERSION"
| #define PACKAGE_BUGREPORT "radmind@umich.edu"
| #define STDC_HEADERS 1
| #define HAVE_SYS_TYPES_H 1
| #define HAVE_SYS_STAT_H 1
| #define HAVE_STDLIB_H 1
| #define HAVE_STRING_H 1
| #define HAVE_MEMORY_H 1
| #define HAVE_STRINGS_H 1
| #define HAVE_INTTYPES_H 1
| #define HAVE_STDINT_H 1
| #define HAVE_UNISTD_H 1
| #define SIZEOF_OFF_T 8
| #define HAVE_LIBC 1
| #define HAVE_LIBC 1
| /* end confdefs.h.  */
| 
| /* Override any GCC internal prototype to avoid an error.
|    Use char because int might match the return type of a GCC
|    builtin and then its argument prototype would still apply.  */
| #ifdef __cplusplus
| extern "C"
| #endif
| char gethostbyaddr ();
| int
| main ()
| {
| return gethostbyaddr ();
|   ;
|   return 0;
| }
configure:4868: result: no
configure:4880: checking for socket in -lsocket
configure:4915: gcc -o conftest -g -O2   conftest.c -lsocket  -lc -lc  >&5
ld: library not found for -lsocket
clang: error: linker command failed with exit code 1 (use -v to see invocation)
configure:4921: $? = 1
configure: failed program was:
| /* confdefs.h.  */
| #define PACKAGE_NAME "radmind"
| #define PACKAGE_TARNAME "radmind"
| #define PACKAGE_VERSION "VERSION"
| #define PACKAGE_STRING "radmind VERSION"
| #define PACKAGE_BUGREPORT "radmind@umich.edu"
| #define STDC_HEADERS 1
| #define HAVE_SYS_TYPES_H 1
| #define HAVE_SYS_STAT_H 1
| #define HAVE_STDLIB_H 1
| #define HAVE_STRING_H 1
| #define HAVE_MEMORY_H 1
| #define HAVE_STRINGS_H 1
| #define HAVE_INTTYPES_H 1
| #define HAVE_STDINT_H 1
| #define HAVE_UNISTD_H 1
| #define SIZEOF_OFF_T 8
| #define HAVE_LIBC 1
| #define HAVE_LIBC 1
| /* end confdefs.h.  */
| 
| /* Override any GCC internal prototype to avoid an error.
|    Use char because int might match the return type of a GCC
|    builtin and then its argument prototype would still apply.  */
| #ifdef __cplusplus
| extern "C"
| #endif
| char socket ();
| int
| main ()
| {
| return socket ();
|   ;
|   return 0;
| }
configure:4939: result: no
configure:4951: checking for SSL_accept in -lssl
configure:4986: gcc -o conftest -g -O2   conftest.c -lssl  -lc -lc  >&5
configure:4992: $? = 0
configure:5010: result: yes
configure:5072: checking openssl/ssl.h usability
configure:5089: gcc -c -g -O2  conftest.c >&5
configure:5095: $? = 0
configure:5109: result: yes
configure:5113: checking openssl/ssl.h presence
configure:5128: gcc -E  conftest.c
configure:5134: $? = 0
configure:5148: result: yes
configure:5181: checking for openssl/ssl.h
configure:5188: result: yes
configure:5204: checking for SSLeay_version in -lcrypto
configure:5239: gcc -o conftest -g -O2   conftest.c -lcrypto  -lssl -lc -lc  >&5
configure:5245: $? = 0
configure:5263: result: yes
configure:5315: checking for pam_start in -lpam
configure:5350: gcc -o conftest -g -O2   conftest.c -lpam  -lcrypto -lssl -lc -lc  >&5
configure:5356: $? = 0
configure:5374: result: yes
configure:5393: checking pam/pam_appl.h usability
configure:5410: gcc -c -g -O2  conftest.c >&5
conftest.c:56:10: fatal error: 'pam/pam_appl.h' file not found
#include <pam/pam_appl.h>
         ^
1 error generated.
configure:5416: $? = 1
configure: failed program was:
| /* confdefs.h.  */
| #define PACKAGE_NAME "radmind"
| #define PACKAGE_TARNAME "radmind"
| #define PACKAGE_VERSION "VERSION"
| #define PACKAGE_STRING "radmind VERSION"
| #define PACKAGE_BUGREPORT "radmind@umich.edu"
| #define STDC_HEADERS 1
| #define HAVE_SYS_TYPES_H 1
| #define HAVE_SYS_STAT_H 1
| #define HAVE_STDLIB_H 1
| #define HAVE_STRING_H 1
| #define HAVE_MEMORY_H 1
| #define HAVE_STRINGS_H 1
| #define HAVE_INTTYPES_H 1
| #define HAVE_STDINT_H 1
| #define HAVE_UNISTD_H 1
| #define SIZEOF_OFF_T 8
| #define HAVE_LIBC 1
| #define HAVE_LIBC 1
| #define HAVE_LIBSSL 1
| #define HAVE_LIBCRYPTO 1
| /* end confdefs.h.  */
| #include <stdio.h>
| #ifdef HAVE_SYS_TYPES_H
| # include <sys/types.h>
| #endif
| #ifdef HAVE_SYS_STAT_H
| # include <sys/stat.h>
| #endif
| #ifdef STDC_HEADERS
| # include <stdlib.h>
| # include <stddef.h>
| #else
| # ifdef HAVE_STDLIB_H
| #  include <stdlib.h>
| # endif
| #endif
| #ifdef HAVE_STRING_H
| # if !defined STDC_HEADERS && defined HAVE_MEMORY_H
| #  include <memory.h>
| # endif
| # include <string.h>
| #endif
| #ifdef HAVE_STRINGS_H
| # include <strings.h>
| #endif
| #ifdef HAVE_INTTYPES_H
| # include <inttypes.h>
| #endif
| #ifdef HAVE_STDINT_H
| # include <stdint.h>
| #endif
| #ifdef HAVE_UNISTD_H
| # include <unistd.h>
| #endif
| #include <pam/pam_appl.h>
configure:5430: result: no
configure:5434: checking pam/pam_appl.h presence
configure:5449: gcc -E  conftest.c
conftest.c:23:10: fatal error: 'pam/pam_appl.h' file not found
#include <pam/pam_appl.h>
         ^
1 error generated.
configure:5455: $? = 1
configure: failed program was:
| /* confdefs.h.  */
| #define PACKAGE_NAME "radmind"
| #define PACKAGE_TARNAME "radmind"
| #define PACKAGE_VERSION "VERSION"
| #define PACKAGE_STRING "radmind VERSION"
| #define PACKAGE_BUGREPORT "radmind@umich.edu"
| #define STDC_HEADERS 1
| #define HAVE_SYS_TYPES_H 1
| #define HAVE_SYS_STAT_H 1
| #define HAVE_STDLIB_H 1
| #define HAVE_STRING_H 1
| #define HAVE_MEMORY_H 1
| #define HAVE_STRINGS_H 1
| #define HAVE_INTTYPES_H 1
| #define HAVE_STDINT_H 1
| #define HAVE_UNISTD_H 1
| #define SIZEOF_OFF_T 8
| #define HAVE_LIBC 1
| #define HAVE_LIBC 1
| #define HAVE_LIBSSL 1
| #define HAVE_LIBCRYPTO 1
| /* end confdefs.h.  */
| #include <pam/pam_appl.h>
configure:5469: result: no
configure:5502: checking for pam/pam_appl.h
configure:5510: result: no
configure:5535: checking security/pam_appl.h usability
configure:5552: gcc -c -g -O2  conftest.c >&5
configure:5558: $? = 0
configure:5572: result: yes
configure:5576: checking security/pam_appl.h presence
configure:5591: gcc -E  conftest.c
configure:5597: $? = 0
configure:5611: result: yes
configure:5644: checking for security/pam_appl.h
configure:5652: result: yes
configure:5688: checking dns_sd.h usability
configure:5705: gcc -c -g -O2  conftest.c >&5
configure:5711: $? = 0
configure:5725: result: yes
configure:5729: checking dns_sd.h presence
configure:5744: gcc -E  conftest.c
configure:5750: $? = 0
configure:5764: result: yes
configure:5797: checking for dns_sd.h
configure:5804: result: yes
configure:5817: checking for DNSServiceRegister in -ldns_sd
configure:5852: gcc -o conftest -g -O2   conftest.c -ldns_sd  -lcrypto -lssl -lc -lc  -lpam >&5
ld: library not found for -ldns_sd
clang: error: linker command failed with exit code 1 (use -v to see invocation)
configure:5858: $? = 1
configure: failed program was:
| /* confdefs.h.  */
| #define PACKAGE_NAME "radmind"
| #define PACKAGE_TARNAME "radmind"
| #define PACKAGE_VERSION "VERSION"
| #define PACKAGE_STRING "radmind VERSION"
| #define PACKAGE_BUGREPORT "radmind@umich.edu"
| #define STDC_HEADERS 1
| #define HAVE_SYS_TYPES_H 1
| #define HAVE_SYS_STAT_H 1
| #define HAVE_STDLIB_H 1
| #define HAVE_STRING_H 1
| #define HAVE_MEMORY_H 1
| #define HAVE_STRINGS_H 1
| #define HAVE_INTTYPES_H 1
| #define HAVE_STDINT_H 1
| #define HAVE_UNISTD_H 1
| #define SIZEOF_OFF_T 8
| #define HAVE_LIBC 1
| #define HAVE_LIBC 1
| #define HAVE_LIBSSL 1
| #define HAVE_LIBCRYPTO 1
| #define HAVE_SECURITY_PAM_APPL_H 1
| #define HAVE_LIBPAM 1
| #define HAVE_DNSSD 1
| /* end confdefs.h.  */
| 
| /* Override any GCC internal prototype to avoid an error.
|    Use char because int might match the return type of a GCC
|    builtin and then its argument prototype would still apply.  */
| #ifdef __cplusplus
| extern "C"
| #endif
| char DNSServiceRegister ();
| int
| main ()
| {
| return DNSServiceRegister ();
|   ;
|   return 0;
| }
configure:5876: result: no
configure:5889: checking for zlib
configure:5921: result: yes
configure:5972: checking for wait4
configure:6028: gcc -o conftest -g -O2   conftest.c -lcrypto -lssl -lc -lc  -lpam -lz >&5
configure:6034: $? = 0
configure:6052: result: yes
configure:5972: checking for strtoll
configure:6028: gcc -o conftest -g -O2   conftest.c -lcrypto -lssl -lc -lc  -lpam -lz >&5
configure:6034: $? = 0
configure:6052: result: yes
configure:6076: result: Disabled SASL
configure:6183: creating ./config.status

## ---------------------- ##
## Running config.status. ##
## ---------------------- ##

This file was extended by radmind config.status VERSION, which was
generated by GNU Autoconf 2.61.  Invocation command line was

  CONFIG_FILES    = 
  CONFIG_HEADERS  = 
  CONFIG_LINKS    = 
  CONFIG_COMMANDS = 
  $ ./config.status 

on DN0a23216b.SUNet

config.status:619: creating Makefile
config.status:619: creating config.h
configure:7269: === configuring in libsnet (/Users/acstechnician/Documents/radmind-1.13.0 2/libsnet)
configure:7372: running /bin/sh ./configure '--prefix=/usr/local'  '--with-sasl=no' --cache-file=/dev/null --srcdir=.

## ---------------- ##
## Cache variables. ##
## ---------------- ##

ac_cv_build=i386-apple-darwin15.5.0
ac_cv_c_compiler_gnu=yes
ac_cv_env_CC_set=
ac_cv_env_CC_value=
ac_cv_env_CFLAGS_set=
ac_cv_env_CFLAGS_value=
ac_cv_env_CPPFLAGS_set=
ac_cv_env_CPPFLAGS_value=
ac_cv_env_CPP_set=
ac_cv_env_CPP_value=
ac_cv_env_LDFLAGS_set=
ac_cv_env_LDFLAGS_value=
ac_cv_env_LIBS_set=
ac_cv_env_LIBS_value=
ac_cv_env_build_alias_set=
ac_cv_env_build_alias_value=
ac_cv_env_diffpath_set=
ac_cv_env_diffpath_value=
ac_cv_env_echopath_set=
ac_cv_env_echopath_value=
ac_cv_env_host_alias_set=
ac_cv_env_host_alias_value=
ac_cv_env_target_alias_set=
ac_cv_env_target_alias_value=
ac_cv_func_strtoll=yes
ac_cv_func_wait4=yes
ac_cv_header_dns_sd_h=yes
ac_cv_header_inttypes_h=yes
ac_cv_header_memory_h=yes
ac_cv_header_openssl_ssl_h=yes
ac_cv_header_pam_pam_appl_h=no
ac_cv_header_security_pam_appl_h=yes
ac_cv_header_stdc=yes
ac_cv_header_stdint_h=yes
ac_cv_header_stdlib_h=yes
ac_cv_header_string_h=yes
ac_cv_header_strings_h=yes
ac_cv_header_sys_stat_h=yes
ac_cv_header_sys_types_h=yes
ac_cv_header_unistd_h=yes
ac_cv_host=i386-apple-darwin15.5.0
ac_cv_lib_c_inet_aton=yes
ac_cv_lib_c_lchmod=yes
ac_cv_lib_c_lchown=yes
ac_cv_lib_crypto_SSLeay_version=yes
ac_cv_lib_dns_sd_DNSServiceRegister=no
ac_cv_lib_nsl_gethostbyaddr=no
ac_cv_lib_pam_pam_start=yes
ac_cv_lib_socket_socket=no
ac_cv_lib_ssl_SSL_accept=yes
ac_cv_objext=o
ac_cv_path_EGREP='/usr/bin/grep -E'
ac_cv_path_GREP=/usr/bin/grep
ac_cv_path_diffpath=/usr/bin/diff
ac_cv_path_echopath=/bin/echo
ac_cv_path_install='/usr/bin/install -c'
ac_cv_path_mktemppath=/usr/bin/mktemp
ac_cv_prog_AWK=awk
ac_cv_prog_CPP='gcc -E'
ac_cv_prog_ac_ct_CC=gcc
ac_cv_prog_cc_c89=
ac_cv_prog_cc_g=yes
ac_cv_sizeof_off_t=8
ac_cv_sys_file_offset_bits=no
ac_cv_sys_largefile_CC=no
ac_cv_target=i386-apple-darwin15.5.0
ac_cv_type_off_t=yes

## ----------------- ##
## Output variables. ##
## ----------------- ##

AWK='awk'
CC='gcc'
CFLAGS='-g -O2'
CPP='gcc -E'
CPPFLAGS=''
DEFS='-DHAVE_CONFIG_H'
ECHO_C='ECHO_N=''
ECHO_T=''
EGREP='/usr/bin/grep -E'
EXEEXT=''
GREP='/usr/bin/grep'
INSTALL_DATA='${INSTALL} -m 644'
INSTALL_PROGRAM='${INSTALL}'
INSTALL_SCRIPT='${INSTALL}'
LDFLAGS=''
LIBOBJS=''
LIBS='-lcrypto -lssl -lc -lc  -lpam -lz'
LTLIBOBJS=''
OBJEXT='o'
OPTOPTS=' -Wall -Wmissing-prototypes'
PACKAGE_BUGREPORT='radmind@umich.edu'
PACKAGE_NAME='radmind'
PACKAGE_STRING='radmind VERSION'
PACKAGE_TARNAME='radmind'
PACKAGE_VERSION='VERSION'
PATH_SEPARATOR=':'
SHELL='/bin/sh'
ac_ct_CC='gcc'
authlevel='0'
bindir='${exec_prefix}/bin'
build='i386-apple-darwin15.5.0'
build_alias=''
build_cpu='i386'
build_date='July 14, 2016'
build_os='darwin15.5.0'
build_vendor='apple'
datadir='${datarootdir}'
datarootdir='${prefix}/share'
diffpath='/usr/bin/diff'
docdir='${datarootdir}/doc/${PACKAGE_TARNAME}'
dvidir='${docdir}'
echopath='/bin/echo'
exec_prefix='${prefix}'
host='i386-apple-darwin15.5.0'
host_alias=''
host_cpu='i386'
host_os='darwin15.5.0'
host_vendor='apple'
htmldir='${docdir}'
includedir='${prefix}/include'
infodir='${datarootdir}/info'
libdir='${exec_prefix}/lib'
libexecdir='${exec_prefix}/libexec'
localedir='${datarootdir}/locale'
localstatedir='${prefix}/var'
maildomain=''
mandir='${datarootdir}/man'
maxconnections='0'
mktemppath='/usr/bin/mktemp'
oldincludedir='/usr/include'
pdfdir='${docdir}'
prefix='/usr/local'
program_transform_name='s,x,x,'
psdir='${docdir}'
radminddir='/var/radmind'
sbindir='${exec_prefix}/sbin'
server='radmind'
sharedstatedir='${prefix}/com'
subdirs=' libsnet'
sysconfdir='${prefix}/etc'
target='i386-apple-darwin15.5.0'
target_alias=''
target_cpu='i386'
target_os='darwin15.5.0'
target_vendor='apple'

## ----------- ##
## confdefs.h. ##
## ----------- ##

#define PACKAGE_NAME "radmind"
#define PACKAGE_TARNAME "radmind"
#define PACKAGE_VERSION "VERSION"
#define PACKAGE_STRING "radmind VERSION"
#define PACKAGE_BUGREPORT "radmind@umich.edu"
#define STDC_HEADERS 1
#define HAVE_SYS_TYPES_H 1
#define HAVE_SYS_STAT_H 1
#define HAVE_STDLIB_H 1
#define HAVE_STRING_H 1
#define HAVE_MEMORY_H 1
#define HAVE_STRINGS_H 1
#define HAVE_INTTYPES_H 1
#define HAVE_STDINT_H 1
#define HAVE_UNISTD_H 1
#define SIZEOF_OFF_T 8
#define HAVE_LIBC 1
#define HAVE_LIBC 1
#define HAVE_LIBSSL 1
#define HAVE_LIBCRYPTO 1
#define HAVE_SECURITY_PAM_APPL_H 1
#define HAVE_LIBPAM 1
#define HAVE_DNSSD 1
#define HAVE_ZLIB 1
#define HAVE_WAIT4 1
#define HAVE_STRTOLL 1

configure: exit 0
