This file contains any messages produced by compilers while
running configure, to aid debugging if configure makes a mistake.

It was created by libsnet configure VERSION, which was
generated by GNU Autoconf 2.59.  Invocation command line was

  $ ./configure --prefix=/usr/local --with-sasl=no --cache-file=/dev/null --srcdir=.

## --------- ##
## Platform. ##
## --------- ##

hostname = DN0a23216b.SUNet
uname -m = x86_64
uname -r = 15.5.0
uname -s = Darwin
uname -v = Darwin Kernel Version 15.5.0: Tue Apr 19 18:36:36 PDT 2016; root:xnu-3248.50.21~8/RELEASE_X86_64

/usr/bin/uname -p = i386
/bin/uname -X     = unknown

/bin/arch              = unknown
/usr/bin/arch -k       = unknown
/usr/convex/getsysinfo = unknown
hostinfo               = Mach kernel version:
	 Darwin Kernel Version 15.5.0: Tue Apr 19 18:36:36 PDT 2016; root:xnu-3248.50.21~8/RELEASE_X86_64
Kernel configured for up to 4 processors.
2 processors are physically available.
4 processors are logically available.
Processor type: i486 (Intel 80486)
Processors active: 0 1 2 3
Primary memory available: 8.00 gigabytes
Default processor set: 376 tasks, 1566 threads, 4 processors
Load average: 2.76, Mach factor: 1.26
/bin/machine           = unknown
/usr/bin/oslevel       = unknown
/bin/universe          = unknown

PATH: /usr/local/bin
PATH: /usr/bin
PATH: /bin
PATH: /usr/sbin
PATH: /sbin
PATH: /usr/local/bin


## ----------- ##
## Core tests. ##
## ----------- ##

configure:1459: checking for gawk
configure:1488: result: no
configure:1459: checking for mawk
configure:1488: result: no
configure:1459: checking for nawk
configure:1488: result: no
configure:1459: checking for awk
configure:1475: found /usr/bin/awk
configure:1485: result: awk
configure:1541: checking for gcc
configure:1557: found /usr/bin/gcc
configure:1567: result: gcc
configure:1811: checking for C compiler version
configure:1814: gcc --version </dev/null >&5
Configured with: --prefix=/Applications/Xcode.app/Contents/Developer/usr --with-gxx-include-dir=/usr/include/c++/4.2.1
Apple LLVM version 7.3.0 (clang-703.0.31)
Target: x86_64-apple-darwin15.5.0
Thread model: posix
InstalledDir: /Applications/Xcode.app/Contents/Developer/Toolchains/XcodeDefault.xctoolchain/usr/bin
configure:1817: $? = 0
configure:1819: gcc -v </dev/null >&5
Configured with: --prefix=/Applications/Xcode.app/Contents/Developer/usr --with-gxx-include-dir=/usr/include/c++/4.2.1
Apple LLVM version 7.3.0 (clang-703.0.31)
Target: x86_64-apple-darwin15.5.0
Thread model: posix
InstalledDir: /Applications/Xcode.app/Contents/Developer/Toolchains/XcodeDefault.xctoolchain/usr/bin
configure:1822: $? = 0
configure:1824: gcc -V </dev/null >&5
clang: error: argument to '-V' is missing (expected 1 value)
clang: error: no input files
configure:1827: $? = 1
configure:1850: checking for C compiler default output file name
configure:1853: gcc    conftest.c  >&5
configure:1856: $? = 0
configure:1902: result: a.out
configure:1907: checking whether the C compiler works
configure:1913: ./a.out
configure:1916: $? = 0
configure:1933: result: yes
configure:1940: checking whether we are cross compiling
configure:1942: result: no
configure:1945: checking for suffix of executables
configure:1947: gcc -o conftest    conftest.c  >&5
configure:1950: $? = 0
configure:1975: result: 
configure:1981: checking for suffix of object files
configure:2002: gcc -c   conftest.c >&5
configure:2005: $? = 0
configure:2027: result: o
configure:2031: checking whether we are using the GNU C compiler
configure:2055: gcc -c   conftest.c >&5
configure:2061: $? = 0
configure:2065: test -z 
			 || test ! -s conftest.err
configure:2068: $? = 0
configure:2071: test -s conftest.o
configure:2074: $? = 0
configure:2087: result: yes
configure:2093: checking whether gcc accepts -g
configure:2114: gcc -c -g  conftest.c >&5
configure:2120: $? = 0
configure:2124: test -z 
			 || test ! -s conftest.err
configure:2127: $? = 0
configure:2130: test -s conftest.o
configure:2133: $? = 0
configure:2144: result: yes
configure:2161: checking for gcc option to accept ANSI C
configure:2231: gcc  -c -g -O2  conftest.c >&5
configure:2237: $? = 0
configure:2241: test -z 
			 || test ! -s conftest.err
configure:2244: $? = 0
configure:2247: test -s conftest.o
configure:2250: $? = 0
configure:2268: result: none needed
configure:2286: gcc -c -g -O2  conftest.c >&5
conftest.c:2:3: error: unknown type name 'choke'
  choke me
  ^
conftest.c:2:11: error: expected ';' after top level declarator
  choke me
          ^
          ;
2 errors generated.
configure:2292: $? = 1
configure: failed program was:
| #ifndef __cplusplus
|   choke me
| #endif
configure:2463: checking for a BSD-compatible install
configure:2518: result: /usr/bin/install -c
configure:2531: checking for zlib
configure:2560: result: yes
configure:2576: checking for SSL_accept in -lssl
configure:2606: gcc -o conftest -g -O2   conftest.c -lssl   >&5
configure:2612: $? = 0
configure:2616: test -z 
			 || test ! -s conftest.err
configure:2619: $? = 0
configure:2622: test -s conftest
configure:2625: $? = 0
configure:2638: result: yes
configure:2691: checking for SSLeay_version in -lcrypto
configure:2721: gcc -o conftest -g -O2   conftest.c -lcrypto  -lssl  >&5
configure:2727: $? = 0
configure:2731: test -z 
			 || test ! -s conftest.err
configure:2734: $? = 0
configure:2737: test -s conftest
configure:2740: $? = 0
configure:2753: result: yes
configure:2807: checking for sasl
configure:2845: result: no
configure:2855: checking build system type
configure:2873: result: i386-apple-darwin15.5.0
configure:2881: checking host system type
configure:2895: result: i386-apple-darwin15.5.0
configure:2970: checking whether to build profiled libraries
configure:2981: result: yes
configure:3076: checking for ld used by GCC
configure:3139: result: /Applications/Xcode.app/Contents/Developer/Toolchains/XcodeDefault.xctoolchain/usr/bin/ld
configure:3148: checking if the linker (/Applications/Xcode.app/Contents/Developer/Toolchains/XcodeDefault.xctoolchain/usr/bin/ld) is GNU ld
configure:3160: result: no
configure:3165: checking for /Applications/Xcode.app/Contents/Developer/Toolchains/XcodeDefault.xctoolchain/usr/bin/ld option to reload object files
configure:3172: result: -r
configure:3177: checking for BSD-compatible nm
configure:3213: result: /usr/bin/nm -B
configure:3216: checking for a sed that does not truncate output
configure:3298: result: /usr/bin/sed
configure:3301: checking whether ln -s works
configure:3305: result: yes
configure:3312: checking how to recognise dependent libraries
configure:3493: result: file_magic Mach-O dynamically linked shared library
configure:3505: checking command to parse /usr/bin/nm -B output
configure:3589: gcc -c -g -O2  conftest.c >&5
configure:3592: $? = 0
configure:3596: /usr/bin/nm -B conftest.o \| sed -n -e 's/^.*[ 	]\([BCDEGRST][BCDEGRST]*\)[ 	][ 	]*\(\)\([_A-Za-z][_A-Za-z0-9]*\)$/\1 \2\3 \3/p' \> conftest.nm
configure:3599: $? = 0
cannot find nm_test_var in conftest.nm
configure:3589: gcc -c -g -O2  conftest.c >&5
configure:3592: $? = 0
configure:3596: /usr/bin/nm -B conftest.o \| sed -n -e 's/^.*[ 	]\([BCDEGRST][BCDEGRST]*\)[ 	][ 	]*\(_\)\([_A-Za-z][_A-Za-z0-9]*\)$/\1 \2\3 \3/p' \> conftest.nm
configure:3599: $? = 0
configure:3651: gcc -o conftest -g -O2   conftest.c conftstm.o >&5
conftest.c:6:1: warning: variable named 'main' with external linkage has undefined behavior [-Wmain]
extern char main;
^
1 warning generated.
configure:3654: $? = 0
configure:3698: result: ok
configure:3706: checking for dlfcn.h
configure:3722: gcc -c -g -O2  conftest.c >&5
configure:3728: $? = 0
configure:3732: test -z 
			 || test ! -s conftest.err
configure:3735: $? = 0
configure:3738: test -s conftest.o
configure:3741: $? = 0
configure:3752: result: yes
configure:3951: checking for ranlib
configure:3967: found /usr/bin/ranlib
configure:3978: result: ranlib
configure:4031: checking for strip
configure:4047: found /usr/bin/strip
configure:4058: result: strip
configure:4280: checking for objdir
configure:4291: result: .libs
configure:4312: checking for gcc option to produce PIC
configure:4458: result: -fno-common
configure:4462: checking if gcc PIC flag -fno-common works
configure:4485: gcc -c -g -O2 -fno-common -DPIC  conftest.c >&5
configure:4491: $? = 0
configure:4495: test -z 
			 || test ! -s conftest.err
configure:4498: $? = 0
configure:4501: test -s conftest.o
configure:4504: $? = 0
configure:4542: result: yes
configure:4562: checking if gcc static flag -static works
configure:4586: gcc -o conftest -g -O2   -static conftest.c -lcrypto -lssl  >&5
ld: library not found for -lcrt0.o
clang: error: linker command failed with exit code 1 (use -v to see invocation)
configure:4592: $? = 1
configure: failed program was:
| /* confdefs.h.  */
| 
| #define PACKAGE_NAME "libsnet"
| #define PACKAGE_TARNAME "libsnet"
| #define PACKAGE_VERSION "VERSION"
| #define PACKAGE_STRING "libsnet VERSION"
| #define PACKAGE_BUGREPORT "rsug@umich.edu"
| #define HAVE_ZLIB 1
| #define HAVE_LIBSSL 1
| #define HAVE_LIBCRYPTO 1
| #define HAVE_DLFCN_H 1
| #define HAVE_DLFCN_H 1
| /* end confdefs.h.  */
| 
| int
| main ()
| {
| 
|   ;
|   return 0;
| }
configure:4622: result: no
configure:4638: checking if gcc supports -c -o file.o
configure:4658: gcc -c -g -O2 -o out/conftest2.o  conftest.c >&5
configure:4682: result: yes
configure:4687: checking if gcc supports -c -o file.lo
configure:4714: gcc -c -g -O2 -c -o conftest.lo  conftest.c >&5
configure:4720: $? = 0
configure:4724: test -z 
			 || test ! -s conftest.err
configure:4727: $? = 0
configure:4730: test -s conftest.lo
configure:4733: $? = 0
configure:4755: result: yes
configure:4794: checking if gcc supports -fno-rtti -fno-exceptions
configure:4816: gcc -c -g -O2 -fno-rtti -fno-exceptions -c conftest.c  conftest.c >&5
configure:4822: $? = 0
configure:4826: test -z 
			 || test ! -s conftest.err
configure:4829: $? = 0
configure:4832: test -s conftest.o
configure:4835: $? = 0
configure:4852: result: yes
configure:4867: checking whether the linker (/Applications/Xcode.app/Contents/Developer/Toolchains/XcodeDefault.xctoolchain/usr/bin/ld) supports shared libraries
configure:5562: result: yes
configure:5571: checking how to hardcode library paths into programs
configure:5595: result: unsupported
configure:5604: checking whether stripping libraries is possible
configure:5612: result: no
configure:5624: checking dynamic linker characteristics
configure:6031: result: darwin15.5.0 dyld
configure:6040: checking if libtool supports shared libraries
configure:6042: result: yes
configure:6049: checking whether to build shared libraries
configure:6070: result: no
configure:6077: checking whether to build static libraries
configure:6081: result: yes
configure:7560: creating ./config.status

## ---------------------- ##
## Running config.status. ##
## ---------------------- ##

This file was extended by libsnet config.status VERSION, which was
generated by GNU Autoconf 2.59.  Invocation command line was

  CONFIG_FILES    = 
  CONFIG_HEADERS  = 
  CONFIG_LINKS    = 
  CONFIG_COMMANDS = 
  $ ./config.status 

on DN0a23216b.SUNet

config.status:669: creating Makefile
config.status:773: creating config.h

## ---------------- ##
## Cache variables. ##
## ---------------- ##

ac_cv_build=i386-apple-darwin15.5.0
ac_cv_build_alias=i386-apple-darwin15.5.0
ac_cv_c_compiler_gnu=yes
ac_cv_env_CC_set=
ac_cv_env_CC_value=
ac_cv_env_CFLAGS_set=
ac_cv_env_CFLAGS_value=
ac_cv_env_CPPFLAGS_set=
ac_cv_env_CPPFLAGS_value=
ac_cv_env_LDFLAGS_set=
ac_cv_env_LDFLAGS_value=
ac_cv_env_build_alias_set=
ac_cv_env_build_alias_value=
ac_cv_env_host_alias_set=
ac_cv_env_host_alias_value=
ac_cv_env_target_alias_set=
ac_cv_env_target_alias_value=
ac_cv_exeext=
ac_cv_header_dlfcn_h=yes
ac_cv_host=i386-apple-darwin15.5.0
ac_cv_host_alias=i386-apple-darwin15.5.0
ac_cv_lib_crypto_SSLeay_version=yes
ac_cv_lib_ssl_SSL_accept=yes
ac_cv_objext=o
ac_cv_path_install='/usr/bin/install -c'
ac_cv_prog_AWK=awk
ac_cv_prog_ac_ct_CC=gcc
ac_cv_prog_ac_ct_RANLIB=ranlib
ac_cv_prog_ac_ct_STRIP=strip
ac_cv_prog_cc_g=yes
ac_cv_prog_cc_stdc=
lt_cv_compiler_c_o=yes
lt_cv_compiler_o_lo=yes
lt_cv_deplibs_check_method='file_magic Mach-O dynamically linked shared library'
lt_cv_file_magic_cmd='/usr/bin/file -L'
lt_cv_file_magic_test_file=/usr/lib/libSystem.dylib
lt_cv_global_symbol_to_c_name_address='sed -n -e '\''s/^: \([^ ]*\) $/  {\"\1\", (lt_ptr) 0},/p'\'' -e '\''s/^[BCDEGRST] \([^ ]*\) \([^ ]*\)$/  {"\2", (lt_ptr) \&\2},/p'\'''
lt_cv_global_symbol_to_cdecl='sed -n -e '\''s/^. .* \(.*\)$/extern char \1;/p'\'''
lt_cv_ld_reload_flag=-r
lt_cv_path_LD=/Applications/Xcode.app/Contents/Developer/Toolchains/XcodeDefault.xctoolchain/usr/bin/ld
lt_cv_path_NM='/usr/bin/nm -B'
lt_cv_path_SED=/usr/bin/sed
lt_cv_prog_cc_can_build_shared=yes
lt_cv_prog_cc_no_builtin=
lt_cv_prog_cc_pic=' -fno-common'
lt_cv_prog_cc_pic_works=yes
lt_cv_prog_cc_shlib=
lt_cv_prog_cc_static=
lt_cv_prog_cc_static_works=no
lt_cv_prog_cc_wl=-Wl,
lt_cv_prog_gnu_ld=no
lt_cv_sys_global_symbol_pipe='sed -n -e '\''s/^.*[ 	]\([BCDEGRST][BCDEGRST]*\)[ 	][ 	]*\(_\)\([_A-Za-z][_A-Za-z0-9]*\)$/\1 \2\3 \3/p'\'''

## ----------------- ##
## Output variables. ##
## ----------------- ##

AWK='awk'
CC='gcc'
CFLAGS='-g -O2'
CPPFLAGS=''
DEFS='-DHAVE_CONFIG_H'
ECHO='/bin/echo'
ECHO_C='ECHO_N=''
ECHO_T=''
EXEEXT=''
INSTALL_DATA='${INSTALL} -m 644'
INSTALL_PROGRAM='${INSTALL}'
INSTALL_SCRIPT='${INSTALL}'
LDFLAGS=''
LIBOBJS=''
LIBS='-lcrypto -lssl '
LIBTOOL='$(SHELL) $(top_builddir)/libtool'
LN_S='ln -s'
LTLIBOBJS=''
OBJEXT='o'
OPTOPTS='-Wall -Wmissing-prototypes'
PACKAGE_BUGREPORT='rsug@umich.edu'
PACKAGE_NAME='libsnet'
PACKAGE_STRING='libsnet VERSION'
PACKAGE_TARNAME='libsnet'
PACKAGE_VERSION='VERSION'
PATH_SEPARATOR=':'
PROFILED='true'
RANLIB='ranlib'
SHELL='/bin/sh'
STRIP='strip'
ac_ct_CC='gcc'
ac_ct_RANLIB='ranlib'
ac_ct_STRIP='strip'
bindir='${exec_prefix}/bin'
build='i386-apple-darwin15.5.0'
build_alias=''
build_cpu='i386'
build_os='darwin15.5.0'
build_vendor='apple'
datadir='${prefix}/share'
exec_prefix='${prefix}'
host='i386-apple-darwin15.5.0'
host_alias=''
host_cpu='i386'
host_os='darwin15.5.0'
host_vendor='apple'
includedir='${prefix}/include'
infodir='${prefix}/info'
libdir='${exec_prefix}/lib'
libexecdir='${exec_prefix}/libexec'
localstatedir='${prefix}/var'
mandir='${prefix}/man'
oldincludedir='/usr/include'
prefix='/usr/local'
program_transform_name='s,x,x,'
sbindir='${exec_prefix}/sbin'
sharedstatedir='${prefix}/com'
sysconfdir='${prefix}/etc'
target=''
target_alias=''
target_cpu=''
target_os=''
target_vendor=''

## ----------- ##
## confdefs.h. ##
## ----------- ##

#define HAVE_DLFCN_H 1
#define HAVE_DLFCN_H 1
#define HAVE_LIBCRYPTO 1
#define HAVE_LIBSSL 1
#define HAVE_ZLIB 1
#define PACKAGE_BUGREPORT "rsug@umich.edu"
#define PACKAGE_NAME "libsnet"
#define PACKAGE_STRING "libsnet VERSION"
#define PACKAGE_TARNAME "libsnet"
#define PACKAGE_VERSION "VERSION"

configure: exit 0
